<?xml version="1.0" encoding="UTF-8"?>
<!-- Generated by org.testng.reporters.JUnitReportReporter -->
<testsuite hostname="IN-9NSZ9K3" failures="0" tests="3" name="com.assignment.testcases.NewTest" time="0.012" errors="0" timestamp="2023-05-02T10:47:25 IST" skipped="0">
  <testcase classname="com.assignment.testcases.NewTest" name="f" time="0.008"/>
  <system-out/>
  <testcase classname="com.assignment.testcases.NewTest" name="testNewMethod" time="0.002"/>
  <system-out/>
  <testcase classname="com.assignment.testcases.NewTest" name="testNewMethod" time="0.002"/>
  <system-out/>
</testsuite> <!-- com.assignment.testcases.NewTest -->
