<?xml version="1.0" encoding="UTF-8"?>
<!-- Generated by org.testng.reporters.JUnitReportReporter -->
<testsuite hostname="IN-9NSZ9K3" failures="0" tests="1" name="com.assignment.testcases.SignUpTest" time="12.820" errors="0" timestamp="2023-05-02T13:17:44 IST" skipped="0">
  <testcase classname="com.assignment.testcases.SignUpTest" name="SignUpTestCases" time="12.820"/>
  <system-out/>
</testsuite> <!-- com.assignment.testcases.SignUpTest -->
