<?xml version="1.0" encoding="UTF-8"?>
<!-- Generated by org.testng.reporters.JUnitReportReporter -->
<testsuite hostname="IN-9NSZ9K3" failures="0" tests="6" name="com.assignment.testcases.SaleTest" time="101.038" errors="0" timestamp="2023-05-02T19:20:49 IST" skipped="0">
  <testcase classname="com.assignment.testcases.SaleTest" name="selectProductAddToWishList" time="15.371"/>
  <system-out/>
  <testcase classname="com.assignment.testcases.SaleTest" name="selectProductAddToWishList" time="14.856"/>
  <system-out/>
  <testcase classname="com.assignment.testcases.SaleTest" name="selectProductAddToWishList" time="18.466"/>
  <system-out/>
  <testcase classname="com.assignment.testcases.SaleTest" name="selectProductandNavigateToCheckOut" time="15.760"/>
  <system-out/>
  <testcase classname="com.assignment.testcases.SaleTest" name="selectProductandNavigateToCheckOut" time="20.045"/>
  <system-out/>
  <testcase classname="com.assignment.testcases.SaleTest" name="selectProductandNavigateToCheckOut" time="16.540"/>
  <system-out/>
</testsuite> <!-- com.assignment.testcases.SaleTest -->
